<?xml version="1.0" encoding="UTF-8"?>
<!-- Generated by org.testng.reporters.JUnitReportReporter -->
<testsuite skipped="0" hostname="comp4" name="com.cdac.question1.Question1.Question1ApplicationTests" tests="1" failures="0" timestamp="15 Jun 2019 02:46:41 GMT" time="0.022" errors="0">
  <testcase name="contextLoads" time="0.022" classname="com.cdac.question1.Question1.Question1ApplicationTests"/>
</testsuite> <!-- com.cdac.question1.Question1.Question1ApplicationTests -->
